image,source
000001.jpg,https://upload.wikimedia.org/wikipedia/commons/0/04/G-Bartolotti_SK.jpg
000002.jpg,https://virginiaherpetologicalsociety.com/reptiles/snakes/scarlet-kingsnake/sp_scarletkingsnake002.jpg
000003.jpg,https://virginiaherpetologicalsociety.com/reptiles/snakes/scarlet-kingsnake/sp_scarletkingsnake001.jpg
000004.jpg,https://virginiaherpetologicalsociety.com/reptiles/snakes/scarlet-kingsnake/sp-scarlet kingsnake-ps2.jpg
000005.jpg,https://virginiaherpetologicalsociety.com/reptiles/snakes/scarlet-kingsnake/sp_scarletkingsnake003.jpg
000006.jpg,https://virginiaherpetologicalsociety.com/reptiles/snakes/scarlet-kingsnake/_images/scarlet_kingsnake_100.jpg
000007.jpg,https://virginiaherpetologicalsociety.com/reptiles/snakes/scarlet-kingsnake/_images/scarlet_kingsnake_sussex_co_charles_baker3.jpg
000008.jpg,http://www.virginiaherpetologicalsociety.com/reptiles/snakes/scarlet-kingsnake/sp-scarlet%20kingsnake-ps1.jpg
000009.jpg,https://virginiaherpetologicalsociety.com/reptiles/snakes/scarlet-kingsnake/_images/scarlet_kingsnake_101.jpg
000010.jpg,https://virginiaherpetologicalsociety.com/reptiles/snakes/scarlet-kingsnake/_images/scarlet_kingsnake_sussex_co_charles_baker2.jpg
000011.jpg,http://herpsofnc.org/wp-content/uploads/2016/02/Lampropeltis-triangulum-elapsoides-2-VanDevender-copy.jpg
000012.jpg,https://www.pbs.org/wgbh/nova/media/original_images/scarlet-kingsnake.jpg
000013.jpg,https://virginiaherpetologicalsociety.com/reptiles/snakes/scarlet-kingsnake/_images/scarlet_kingsnake_200.jpg
000014.jpg,https://virginiaherpetologicalsociety.com/reptiles/snakes/scarlet-kingsnake/_images/scarlet_kingsnake_102.jpg
000015.jpg,http://herpsofnc.org/wp-content/uploads/2016/02/Lampropeltis_triangulum_elapsoides-Bartlett2-copy.jpg
000016.jpg,http://2.bp.blogspot.com/-Iqx9KtBGPWk/Uh17_d3EuBI/AAAAAAAAAbM/G5YOeR-CU0k/s1600/Scarlet+Kingsnake1.jpg
000017.jpg,https://66.media.tumblr.com/tumblr_m9r2otJnlf1rw6hhbo1_500.jpg
000018.jpg,http://4.bp.blogspot.com/-Kqq3D-wuuXs/T4uarB2HXSI/AAAAAAAADow/4J6-FmMJ7QQ/w1200-h630-p-k-no-nu/Scarlet+Kingsnake.jpg
000019.jpg,https://media1.s-nbcnews.com/j/newscms/2014_24/502596/scarlet-kingsnake_d5f171f1f2104d3b68b767f386000688.fit-760w.jpg
000020.jpg,https://3z2dsg30wpre3s82ui42uwfo-wpengine.netdna-ssl.com/wp-content/uploads/2013/11/newscarletkingsnake2-1.jpg
000021.jpg,http://www.snake-removal.com/scarletkingsnake.jpg
000022.jpg,http://www.kingsnake.com/blog/uploads/2scarlet.jpg
000023.jpg,https://www.reptilefact.com/wp-content/uploads/2017/01/Scarlet-King-Snake-Belly.jpg
000024.jpg,http://nwdistrict.ifas.ufl.edu/nat/files/2018/11/Roadkilled-Scarlet-Kingsnake-576x1024.jpg
000025.jpg,http://rivista-cdn.reptilesmagazine.com/scarlet-kingsnake-shutterstock_476118382.jpg
000026.jpg,https://3c1703fe8d.site.internapcdn.net/newman/gfx/news/hires/2014/studyfindsmi.jpg
000027.jpg,https://www.reptilefact.com/wp-content/uploads/2017/01/Scarlet-King-Snake-Care.jpg
000028.jpg,https://virginiaherpetologicalsociety.com/reptiles/snakes/scarlet-kingsnake/scarletking-paul-sattler.jpg
000029.jpg,http://www.jeffpippen.com/herps/scarletkingsnake070314-6369painthillz.jpg
000030.jpg,http://reptileworldserpentarium.com/images/Snakes/Nonvenomous/Kingsnake-Scarlet-8803.jpg
000031.jpg,https://virginiaherpetologicalsociety.com/reptiles/snakes/scarlet-kingsnake/_images/scarlet_kingsnake_sussex_co_charles_baker1.jpg
000032.jpg,http://rivista-cdn.reptilesmagazine.com/scarlet-kingsnake-shutterstock_1049517005.jpg
000033.jpg,http://3z2dsg30wpre3s82ui42uwfo.wpengine.netdna-cdn.com/wp-content/uploads/2013/11/newscarletkingsnake4-1.jpg
000034.jpg,http://www.virginiaherpetologicalsociety.com/reptiles/snakes/northern-scarletsnake/sp_scarletsnake003.jpg
000035.jpg,https://i.ytimg.com/vi/Yl2eeMkqEys/maxresdefault.jpg
000036.jpg,https://c1.staticflickr.com/3/2827/9294401398_557ded6693_b.jpg
000037.jpg,https://img00.deviantart.net/64ef/i/2014/119/c/8/scarlet_kingsnake_iv_by_crimsonrose2-d7giy5l.jpg
000038.jpg,https://floridahikes.com/wp-content/uploads/2011/11/Scarlet-kingsnake.jpg
000039.jpg,http://herpsofnc.org/wp-content/uploads/2015/09/Lampropeltis-triangulum-elapsoides-2-VanDevender-copy.jpg
000040.jpg,https://s-media-cache-ak0.pinimg.com/736x/90/f6/0b/90f60bcab7148b2c59e47dc8bc57b07d.jpg
000041.jpg,http://2.bp.blogspot.com/-vlHhzYye2e8/Uh18NpaJpYI/AAAAAAAAAbU/ZOXG_znSWHA/s1600/Scarlet+Kingsnake.jpg
000042.jpg,http://img1.etsystatic.com/002/0/5231149/il_570xN.369298003_gtph.jpg
000043.jpg,https://virginiaherpetologicalsociety.com/reptiles/snakes/scarlet-kingsnake/_images/scarlet_kingsnake_venter_sussex_co_charles_baker1.jpg
000044.jpg,https://i.ytimg.com/vi/AwJVDt-XEHQ/maxresdefault.jpg
000045.jpg,https://www.jeffpippen.com/herps/scarletkingsnake070314-6367painthillz.jpg
000046.jpg,http://reptileworldserpentarium.com/images/Snakes/Nonvenomous/Scarlet-Kingsnake-8504.jpg
000047.jpg,https://classconnection.s3.amazonaws.com/1538/flashcards/544858/jpg/scarlet-king-snake.jpg
000048.jpg,https://c1.staticflickr.com/3/2808/10046350765_ff150f5312_b.jpg
000049.jpg,http://www.thetaxidermystore.com/media/catalog/product/cache/1/image/9df78eab33525d08d6e5fb8d27136e95/1/4/14161_-_3_of_7.jpg
000050.jpg,http://www.forestryimages.org/images/768x512/1119365.jpg
000051.jpg,http://farm1.staticflickr.com/240/448827021_b098668a38_z.jpg
000052.jpg,https://i.ytimg.com/vi/8N0FzE3vhS8/maxresdefault.jpg
000053.jpg,https://i0.wp.com/www.virginiaherpetologicalsociety.com/reptiles/snakes/scarlet-kingsnake/sp-scarlet%20kingsnake-ps2.jpg
000054.jpg,http://www.virginiaherpetologicalsociety.com/reptiles/snakes/scarlet-kingsnake/_images/scarlet_kingsnake_bedford_co_charles_baker.jpg
000055.jpg,https://i.imgur.com/q58LvUH.jpg
000056.jpg,http://www.virginiaherpetologicalsociety.com/reptiles/snakes/northern-scarletsnake/sp_scarletsnake004.jpg
000057.jpg,https://www.reptilefact.com/wp-content/uploads/2018/09/Scarlet-Snake.jpg
000058.jpg,https://media.mnn.com/assets/images/2017/02/scarlet-kingsnakes.jpg
000059.jpg,http://reptileworldserpentarium.com/images/Snakes/Nonvenomous/Kingsnake-Scarlet-on-white-8997.jpg
000060.jpg,http://3.bp.blogspot.com/-rjkzOZHDa_o/UXz9J_OG0TI/AAAAAAAAIP8/h7slRGNtTKk/s1600/Scarlet+King+snake+2.jpg
000061.jpg,https://www.audubon.org/sites/default/files/styles/slideshow/public/scarlet_kingsnake061510c.jpg
000062.jpg,http://undergroundreptiles.com/wp-content/uploads/images/products/p-3950-scarletkingsnakee-600x600.jpg
000063.jpg,https://img00.deviantart.net/2474/i/2011/327/a/0/scarlet_king_snake_by_vejur-d4h4bwr.jpg
000064.jpg,http://www.jeffpippen.com/herps/scarletkingsnake070314-6352painthillz.jpg
000065.jpg,https://fieldtripearth.org/wp-content/uploads/2016/02/04_scarlet_snake.jpg
000066.jpg,http://undergroundreptiles.com/wp-content/uploads/images/products/p-3950-scarletkingsnakee3-600x600.jpg
000067.jpg,https://a4.pbase.com/g4/48/942348/2/133684293.4OFVwrHO.jpg
000068.jpg,https://undergroundreptiles.com/wp-content/uploads/2013/11/newscarletkingsnake-1.jpg
000069.jpg,https://thumbs.dreamstime.com/z/scarlet-king-snake-vector-illustration-kingsnake-lampropeltis-elapsoides-56417920.jpg
000070.jpg,https://c1.staticflickr.com/5/4695/25794150747_38737cdc8c_b.jpg
000071.jpg,https://3z2dsg30wpre3s82ui42uwfo-wpengine.netdna-ssl.com/wp-content/uploads/2013/11/newscarletkingsnake3-1.jpg
000072.jpg,http://reptileworldserpentarium.com/images/Snakes/Nonvenomous/Kingsnake-Scarlet-on-white-8999.jpg
000073.jpg,https://lh5.googleusercontent.com/-4xO74uKp3U0/TX339wlY62I/AAAAAAAAAM0/LipFx92AVzU/s1600/scarlet_kingsnake.jpg
000074.jpg,https://virginiaherpetologicalsociety.com/reptiles/snakes/scarlet-kingsnake/_images/scarlet_kingsnake_103.jpg
000075.jpg,http://reptileworldserpentarium.com/images/Snakes/Nonvenomous/Kingsnake-Scarlet-on-white-9012.jpg
000076.jpg,https://surviveprepare.files.wordpress.com/2013/01/scarlet_king_snake_lampropeltis_triangulum_elapsoides_1.jpg
000077.jpg,https://undergroundreptiles.com/wp-content/uploads/2013/11/newscarletkingsnake-1-600x600.jpg
000078.jpg,http://www.aaanimalcontrol.com/Professional-Trapper/gallery/snake022.jpg
000079.jpg,http://undergroundreptiles.com/wp-content/uploads/images/products/p-3950-scarletkingsnakee4-600x600.jpg
000080.jpg,https://live.staticflickr.com/5258/5467048644_759e7b31c7_b.jpg
000081.jpg,https://emborapets.com/wp-content/uploads/2018/10/scarlet-kingsnake.jpg
000082.jpg,https://c8.alamy.com/comp/E8D9NW/scarlet-kingsnake-lampropeltis-triangulum-elapsoides-flicking-its-E8D9NW.jpg
000083.jpg,https://image.slidesharecdn.com/coralsnakeandscarletkingsnake-100921155113-phpapp01/95/coral-snake-and-scarlet-kingsnake-6-728.jpg
000084.jpg,http://www.forestryimages.org/images/768x512/1119367.jpg
000085.jpg,http://www.thetaxidermystore.com/media/catalog/product/cache/1/image/9df78eab33525d08d6e5fb8d27136e95/1/4/14161_-_6_of_7.jpg
000086.jpg,http://www.forestryimages.org/images/768x512/1119362.jpg
000087.jpg,http://tennsnakes.org/540315_3362934485193_1062416847_n.jpg
000088.jpg,https://www.reptilefact.com/wp-content/uploads/2018/09/Scarlet-Snakes.jpg
000089.jpg,https://i.ytimg.com/vi/pbGzTWyDUx0/maxresdefault.jpg
000090.jpg,https://thumbs.dreamstime.com/b/close-up-young-scarlet-kingsnake-spring-florida-juvenile-scarlet-kingsnake-112495357.jpg
000091.jpg,https://thumbs.dreamstime.com/z/scarlet-kingsnake-milk-snake-branch-53689666.jpg
000092.jpg,http://www.forestryimages.org/images/768x512/1119374.jpg
000093.jpg,https://bugwoodcloud.org/images/1536x1024/1119371.jpg
000094.jpg,http://animal.memozee.com/Arch03/1124605515-m.jpg
000095.jpg,http://img.photobucket.com/albums/v608/rafaelaguilera/coralsnake.jpg
000096.jpg,https://www.reptilefact.com/wp-content/uploads/2018/09/Scarlet-Snake-Pictures.jpg
000097.jpg,https://c5.staticflickr.com/6/5459/31299441876_9d43f17431_c.jpg
000098.jpg,https://vignette.wikia.nocookie.net/thewwcbritishwildlife/images/5/54/Scarlet_King_Snake.jpg
000099.jpg,https://i.pinimg.com/originals/8e/e1/ac/8ee1ac47cd82166fedb7ef2e43fc47c8.jpg
000100.jpg,https://www.reptilefact.com/wp-content/uploads/2018/09/Scarlet-Snake-Photos.jpg
000101.jpg,https://i.vimeocdn.com/video/540393432.jpg
000102.jpg,http://ih1.redbubble.net/image.13732994.6152/flat,1000x1000,075,f.u3.jpg
000103.jpg,https://i.pinimg.com/originals/aa/d2/69/aad2694419360033811e9b990887c6ae.jpg
000104.jpg,http://thehibbitts.net/troy/photo/snakes/c.coccinea.fl.liberty.09.1a.jpg
000105.jpg,https://c1.staticflickr.com/9/8273/29773349333_2762e51e4e_b.jpg
000106.jpg,https://i.ytimg.com/vi/zuehfttFw08/maxresdefault.jpg
000107.jpg,http://www.thetaxidermystore.com/media/catalog/product/cache/1/image/9df78eab33525d08d6e5fb8d27136e95/s/c/scarlett-king-snake-reproduction-mount-_14161-for-sale-at-the-taxidermy-store.jpg
000108.jpg,https://virginiaherpetologicalsociety.com/reptiles/snakes/scarlet-kingsnake/_map/milk-kingsnake_map.jpg
000109.jpg,http://www.maureeneppstein.com/mve_journal/wp-content/uploads/California-scarlet-king-snake.jpg
000110.jpg,http://undergroundreptiles.com/wp-content/uploads/images/products/p-3950-scarletkingsnake4-600x600.jpg
000111.jpg,http://www.kingsnake.com/louisiana/pics/scarlet4.jpg
000112.jpg,https://www.hd-freewallpapers.com/latest-wallpapers/scarlet-king-snake-images-download.jpg
000113.jpg,https://c8.alamy.com/comp/E8MX6H/scarlet-kingsnake-E8MX6H.jpg
000114.jpg,http://peterjolles.com/wp-content/uploads/2011/04/malewakulla_2.jpg
000115.jpg,http://www.forestryimages.org/images/768x512/1119360.jpg
000116.jpg,https://orig00.deviantart.net/bdc5/f/2009/300/1/5/scarlet_kingsnake_by_theperfectlestat.jpg
000117.jpg,https://spinningpixels.files.wordpress.com/2014/04/img_5955.jpg
000118.jpg,http://4.bp.blogspot.com/-YoTP5s0vivA/T5-FrG8EToI/AAAAAAAABEk/13K-Ghqwa9U/s1600/Scarlet+Snake+%2528Cemophora+coccinea%2529+dangerous+snakes+animal+attacks+news+picture.jpg
000119.jpg,http://i.ytimg.com/vi/L4tJ3bYmfxw/maxresdefault.jpg
000120.jpg,https://cdn.britannica.com/42/96142-050-22429BFA/Snake-Lampropeltus-triangulum-elapsoides-Reptile.jpg
000121.jpg,https://img00.deviantart.net/2a84/i/2014/055/d/6/scarlet_kingsnake_by_crimsonrose2-d6si7e3.jpg
000122.jpg,https://i.ytimg.com/vi/vf6lJOKTliU/maxresdefault.jpg
000123.jpg,http://www.theonlinezoo.com/img/00/toz00837l.jpg
000124.jpg,https://i.ytimg.com/vi/c1hL6Lw8UYI/maxresdefault.jpg
000125.jpg,https://img1.etsystatic.com/002/0/5231149/il_570xN.369298003_gtph.jpg
000126.jpg,https://c8.alamy.com/comp/BPE49J/scarlet-kingsnake-lampropeltis-triangulum-elapsoides-souheastern-usa-BPE49J.jpg
000127.jpg,http://www.kingsnake.com/louisiana/pics/scarlet3.jpg
000128.jpg,https://greennature.com/wp-content/uploads/reptiles/scarlet-snake.jpg
000129.jpg,http://www.thetaxidermystore.com/media/catalog/product/cache/1/image/9df78eab33525d08d6e5fb8d27136e95/1/4/14161_-_2_of_7.jpg
000130.jpg,https://s-media-cache-ak0.pinimg.com/736x/7e/7a/af/7e7aaf086b744954abec862ba5e0ae1c.jpg
000131.jpg,https://static.turbosquid.com/Preview/001300/043/5G/_D.jpg
000132.jpg,https://img00.deviantart.net/5cac/i/2014/118/c/6/scarlet_kingsnake_ii_by_crimsonrose2-d7geact.jpg
000133.jpg,http://undergroundreptiles.com/wp-content/uploads/images/products/p-3950-scarletkingsnakee2-600x600.jpg
000134.jpg,https://image.slidesharecdn.com/coralsnakeandscarletkingsnake-100921155113-phpapp01/95/coral-snake-and-scarlet-kingsnake-2-728.jpg
000135.jpg,http://herpsofnc.org/wp-content/uploads/2016/02/Cemophora_coccinea_coccinea-AlachuaCo.FL-Iverson-copy.jpg
000136.jpg,https://s-media-cache-ak0.pinimg.com/736x/ea/9b/ff/ea9bff78219d4a1cdcb6c6316ceb26bb.jpg
000137.jpg,http://reptileworldserpentarium.com/images/Snakes/Nonvenomous/Kingsnake-Scarlet-8508.jpg
000138.jpg,https://c2.staticflickr.com/6/5099/5593764056_ee45b61357_b.jpg
000139.jpg,https://undergroundreptiles.com/wp-content/uploads/2013/08/ee_scarlet_kingsnake_1.jpg
000140.jpg,https://thumbs.dreamstime.com/b/scarlet-kingsnake-coiled-ground-45497244.jpg
000141.jpg,https://classconnection.s3.amazonaws.com/832/flashcards/2654832/jpg/sp_scarletsnake004-14514596703278448CC.jpg
000142.jpg,http://www.phillipsnaturalworld.com/_/rsrc/1462084733135/home/coral-snake/Coral%20Snake%20Micrurus%20fulvius%20Florida%20August%202014%20Copyright%20Phillip%20Lott%20Phillips%20Natural%20World%20d.jpg
000143.jpg,http://img04.deviantart.net/618b/i/2014/119/0/e/scarlet_kingsnake_iii_by_crimsonrose2-d7gixcp.jpg
000144.jpg,https://i.ytimg.com/vi/iEEyCbX4qBQ/maxresdefault.jpg
000145.jpg,https://i.ytimg.com/vi/qnr-3ToM36Y/maxresdefault.jpg
000146.jpg,http://peterjolles.com/wp-content/uploads/2011/04/malewakulla.jpg
000147.jpg,https://1.bp.blogspot.com/-dKy1FyGi6c4/VyFp-m9aojI/AAAAAAAAK8U/wFZ3Nt_ba0o8R2vhzK7x-TjOcCBxw-LAwCLcB/s1600/IMG_2544.jpg
000148.jpg,https://thumbs.dreamstime.com/b/close-up-young-scarlet-kingsnake-spring-florida-juvenile-113576326.jpg
000149.jpg,http://www.sciencephoto.com/image/129970/large/C0066935-Female_Scarlet_King_Snake-SPL.jpg
000150.jpg,http://i.ytimg.com/vi/ydjSeAfPQFI/maxresdefault.jpg
000151.jpg,http://4.bp.blogspot.com/_Dan11Nil7Vs/S_BH6ywmbzI/AAAAAAAA42k/ZyoT0ANzmGk/s1600/098-scarlet-kingsnake-stamp-usa-2003.jpg
000152.jpg,http://3.bp.blogspot.com/-SZ-32hjHEzE/T5-IcLuUc2I/AAAAAAAABE4/AylkPKns_jQ/s1600/Scarlet_Snake_Cemophora_coccinea_copei_2.jpg
000153.jpg,http://reptileworldserpentarium.com/images/Snakes/Nonvenomous/Kingsnake-Scarlet-on-white-9008.jpg
000154.jpg,https://live.staticflickr.com/1380/1162635486_7d24b81e9b_b.jpg
000155.jpg,https://classconnection.s3.amazonaws.com/1538/flashcards/544858/jpg/scarlet-snake.jpg
000156.jpg,http://cryptomundo.com/wp-content/uploads/Scarlet-viper-computer-generated-reconstruction-of-likely-appearance-pub-dom.jpg
000157.jpg,https://live.staticflickr.com/65535/49683229748_632f97d318_o.jpg
000158.jpg,https://live.staticflickr.com/65535/49683229768_2062cc8995_o.jpg
000159.jpg,https://live.staticflickr.com/65535/49737069066_8478842af1_o.jpg
000160.jpg,https://live.staticflickr.com/65535/49684062352_1943370c52_o.jpg
000161.jpg,https://live.staticflickr.com/65535/49682834567_59438b89a3_k.jpg
000162.jpg,https://live.staticflickr.com/65535/49682012633_e782e9d47e_k.jpg
000163.jpg,https://live.staticflickr.com/65535/49766031613_69cd5cca30_o.jpg
000164.jpg,https://live.staticflickr.com/65535/47926043797_3fba2dafab_o.jpg
000165.jpg,https://live.staticflickr.com/65535/48216904681_5722e9f118_o.jpg
000166.jpg,https://live.staticflickr.com/7910/40366337343_df52c69992_k.jpg
000167.jpg,https://live.staticflickr.com/7810/32413287817_e951ff3fe3_o.jpg
000168.jpg,https://live.staticflickr.com/65535/48111403311_3ea61ba37c_o.jpg
000169.jpg,https://live.staticflickr.com/7855/32591523608_b8fcebd767_o.jpg
000170.jpg,https://live.staticflickr.com/4875/46464195121_29941fd7f9_o.jpg
000171.jpg,https://live.staticflickr.com/930/43600202972_a391a866ae_k.jpg
000172.jpg,https://live.staticflickr.com/65535/49404983936_619a6e58a6_o.jpg
000173.jpg,https://live.staticflickr.com/1763/42809988992_000ef99c83_o.jpg
000174.jpg,https://live.staticflickr.com/4827/31831973958_c10250a922_o.jpg
000175.jpg,https://live.staticflickr.com/883/42140812414_f3809f3ecc_o.jpg
000176.jpg,https://live.staticflickr.com/4660/39638181084_7000e2e844_o.jpg
000177.jpg,https://live.staticflickr.com/1809/41047743690_220e706b5a_o.jpg
000178.jpg,https://live.staticflickr.com/4476/23566619308_d9a04cd1a4_o.jpg
000179.jpg,https://live.staticflickr.com/4270/35211732681_3c613bb237_o.jpg
000180.jpg,https://live.staticflickr.com/4462/37060547000_6f2a581fde_o.jpg
000181.jpg,https://live.staticflickr.com/4770/39638190344_0402cd0334_o.jpg
000182.jpg,https://live.staticflickr.com/1762/28985872008_15815dc6ba_o.jpg
000183.jpg,https://live.staticflickr.com/2813/34042809865_caf1041e5c_o.jpg
000184.jpg,https://live.staticflickr.com/8844/17333753259_8b567bd17e_o.jpg
000185.jpg,https://live.staticflickr.com/301/31226579834_870332f5cc_k.jpg
000186.jpg,https://live.staticflickr.com/523/32135693201_50ab3d3b81_o.jpg
000187.jpg,https://live.staticflickr.com/5459/31299441876_03e7f733fd_h.jpg
000188.jpg,https://live.staticflickr.com/485/32391807822_27360e5ef3_o.jpg
000189.jpg,https://live.staticflickr.com/2853/33728147815_8f0b97a7fd_o.jpg
000190.jpg,https://live.staticflickr.com/5553/31220346771_0315b5bf26_h.jpg
000191.jpg,https://live.staticflickr.com/1704/26553862902_9e15c4bde8_b.jpg
000192.jpg,https://live.staticflickr.com/5737/30933600196_c3d543b499_o.jpg
000193.jpg,https://live.staticflickr.com/1612/25539680764_8e2a4fef47_k.jpg
000194.jpg,https://live.staticflickr.com/1714/25518448103_4cd450b0d1_h.jpg
000195.jpg,https://live.staticflickr.com/1614/24397250900_3df73d321d_o.jpg
000196.jpg,https://live.staticflickr.com/1564/24577503759_644aae09d8_o.jpg
000197.jpg,https://live.staticflickr.com/1560/23840171791_d77dbf101f_z.jpg
000198.jpg,https://live.staticflickr.com/1487/23689073584_22a30761b2_o.jpg
000199.jpg,https://live.staticflickr.com/5733/21379673233_bda5a25c4a_k.jpg
000200.jpg,https://live.staticflickr.com/5628/21425221893_803b234a6e_o.jpg
000201.jpg,https://live.staticflickr.com/1443/24021687210_357084c1fe_o.jpg
000202.jpg,https://live.staticflickr.com/535/19823398648_85df70745c_o.jpg
000203.jpg,https://live.staticflickr.com/3677/19823375078_62a22e1085_o.jpg
000204.jpg,https://live.staticflickr.com/8772/17653328758_1b19068379_o.jpg
000205.jpg,https://live.staticflickr.com/8861/17468394040_35084362f0_b.jpg
000206.jpg,https://live.staticflickr.com/629/21858531518_080571d090_o.jpg
000207.jpg,https://live.staticflickr.com/7631/17119616972_94d39f321c_o.jpg
000208.jpg,https://live.staticflickr.com/8769/17095108136_7a6d03632f_o.jpg
000209.jpg,https://live.staticflickr.com/7315/15836997153_58b2190fe5_c.jpg
000210.jpg,https://live.staticflickr.com/7448/15922173944_a9176a4ffa_o.png
000211.jpg,https://live.staticflickr.com/7425/16224146358_85eb2b5e42_k.jpg
000212.jpg,https://live.staticflickr.com/7617/17029069159_7affb2c03a_o.jpg
000213.jpg,https://live.staticflickr.com/2939/14783584885_b13912eed2_o.jpg
000214.jpg,https://live.staticflickr.com/8739/16860895828_c5938e3157_o.jpg
000215.jpg,https://live.staticflickr.com/2933/14760582876_aab8f7e602_o.jpg
000216.jpg,https://live.staticflickr.com/3871/14783232322_0a9b8f875e_o.jpg
000217.jpg,https://live.staticflickr.com/3924/14596936328_0acc687328_o.jpg
000218.jpg,https://live.staticflickr.com/5582/14760580266_068c8c1878_o.jpg
000219.jpg,https://live.staticflickr.com/2934/14782705752_b7fbdd43b8_o.jpg
000220.jpg,https://live.staticflickr.com/2937/14778205032_30074c9426_o.jpg
000221.jpg,https://live.staticflickr.com/3912/14777195112_a3f7c23221_o.jpg
000222.jpg,https://live.staticflickr.com/2912/14762770311_54df05640e_o.jpg
000223.jpg,https://live.staticflickr.com/5274/14066797518_3765c0e00d_o.jpg
000224.jpg,https://live.staticflickr.com/2900/14054831121_a94f20361c_c.jpg
000225.jpg,https://live.staticflickr.com/7014/13476088745_dd3fdafc15_b.jpg
