image,source
000001.jpg,http://www.herpwiki.com/photo/1286-large-micrurus_tener_tener.jpg
000002.jpg,https://c1.staticflickr.com/9/8044/8109766359_e2b3efdd30_b.jpg
000003.jpg,https://www.joelsartore.com/assets/stock/ANI097/ANI097-00287-1920x1278.jpg
000004.jpg,http://www.thehibbitts.net/troy/photo/snakes/m.tener.tx.jasper.10.1a.jpg
000005.jpg,https://live.staticflickr.com/7866/47322456711_2a234be9e8_b.jpg
000006.jpg,https://www.herpmapper.org/voucher/318049/full.jpg
000007.jpg,https://www.joelsartore.com/assets/stock/ANI097/ANI097-00004.jpg
000008.jpg,https://c2.staticflickr.com/8/7075/6925316126_d59e994546_b.jpg
000009.jpg,https://www.herpmapper.org/voucher/111351/full.jpg
000010.jpg,https://live.staticflickr.com/8331/8109798698_a66f4ab2fa_b.jpg
000011.jpg,https://c1.staticflickr.com/9/8299/7817861318_e55f2c9ee9_b.jpg
000012.jpg,https://farm6.staticflickr.com/5491/14257628628_fcd123f72f_b.jpg
000013.jpg,https://c2.staticflickr.com/8/7213/7377079108_6475b5acd4_b.jpg
000014.jpg,https://c1.staticflickr.com/5/4079/4824298753_dfa1647117_b.jpg
000015.jpg,https://live.staticflickr.com/1565/26599290641_ac5ec08d50_b.jpg
000016.jpg,http://www.thehibbitts.net/troy/photo/snakes/m.tener.tx.valverde.03.1b.jpg
000017.jpg,https://i1.wp.com/bugsinthenews.info/wp-content/uploads/2012/05/Texas-Coral-Snake-Micrurus-tener-caudal-region-Pam-S-Wimberley-Texas-30-April-2012.jpg
000018.jpg,https://c1.staticflickr.com/9/8261/8704528943_895a0646a3_b.jpg
000019.jpg,https://farm8.staticflickr.com/7450/13935581030_783d8fb923_b.jpg
000020.jpg,https://www.joelsartore.com/assets/stock/ANI074/ANI074-00124-1920x1278.jpg
000021.jpg,http://www.thehibbitts.net/troy/photo/snakes/m.tener.tx.sanpatricio.15.1.1257.jpg
000022.jpg,https://c2.staticflickr.com/8/7436/8868106999_2733bff24f_b.jpg
000023.jpg,https://i2.wp.com/bugsinthenews.info/wp-content/uploads/2012/05/CSC_0114-Jenny-C-Texas-Coral-Snake-caudal-region-06-Apr-2012-Nolanville-TX.jpg
000024.jpg,http://thehibbitts.net/troy/photo/snakes/m.tener.tx.harris.09.1a.jpg
000025.jpg,http://www.thehibbitts.net/troy/photo/snakes/m.tener.tx.sanpatricio.15.1.1271.jpg
000026.jpg,https://www.herpmapper.org/voucher/169302/full.jpg
000027.jpg,https://live.staticflickr.com/8683/16258272302_4e579885e5_b.jpg
000028.jpg,http://bugsinthenews.info/wp-content/uploads/2012/05/Texas-Coral-Snake-Micrurus-tener-Pam-S-Wimberley-Texas-30-April-2012-1.jpg
000029.jpg,http://thehibbitts.net/troy/photo/snakes/m.tener.tx.karnes.99.jpg
000030.jpg,https://i2.wp.com/bugsinthenews.info/wp-content/uploads/2010/05/DORSAL-HEAD-AND-BODY.jpg
000031.jpg,https://c2.staticflickr.com/4/3737/13456294174_1e372e4160_b.jpg
000032.jpg,https://live.staticflickr.com/1485/26689607661_64666afd95_b.jpg
000033.jpg,http://thehibbitts.net/troy/photo/snakes/m.tener.tx.harris.09.1g.jpg
000034.jpg,https://live.staticflickr.com/7816/32599765907_13829c6eb5_b.jpg
000035.jpg,https://littlewildstreak.files.wordpress.com/2016/05/coral.jpg
000036.jpg,https://i1.wp.com/bugsinthenews.info/wp-content/uploads/2012/04/CSC_0120-Jenny-C-Texas-Coral-Snake-midbody-06-Apr-2012-Nolanville-TX.jpg
000037.jpg,https://i0.wp.com/bugsinthenews.info/wp-content/uploads/2010/05/2008-CORAL-SNAKE-SPECIMEN-FANG-MICRO-VENTRAL-VIEW.jpg
000038.jpg,http://www.thehibbitts.net/terry/images/M.tener.TX.Jasper.BoykinSprings.10.4154fl(3).jpg
000039.jpg,http://wsed.org/wp-content/uploads/2018/04/29683614_1617446188399801_2172675600005397554_n.jpg
000040.jpg,https://i1.wp.com/bugsinthenews.info/wp-content/uploads/2010/05/2008-CORAL-SNAKE-SPECIMEN-FANG-MICRO-SIDE-VIEW.jpg
000041.jpg,https://i2.wp.com/bugsinthenews.info/wp-content/uploads/2012/04/CSC_0114-Jenny-C-Texas-Coral-Snake-06-Apr-2012-Nolanville-TX.jpg
000042.jpg,https://i0.wp.com/bugsinthenews.info/wp-content/uploads/2010/05/JOHN-H-AND-HORSE.jpg
000043.jpg,https://i2.wp.com/bugsinthenews.info/wp-content/uploads/2010/05/OPEN-MOUTH-SIDE-VIEW.jpg
000044.jpg,https://balconesherping.files.wordpress.com/2013/08/dsc_0838.jpg
000045.jpg,https://78.media.tumblr.com/9f69984863b58407de399b733945a2fb/tumblr_obysh0l6wT1vyb2mso1_1280.jpg
000046.jpg,https://c2.staticflickr.com/8/7213/6979155610_710a3ccff0_b.jpg
000047.jpg,http://farm9.staticflickr.com/8303/7921370772_b175d46174_c.jpg
000048.jpg,https://static.inaturalist.org/photos/14089585/large.jpg
000049.jpg,http://footage.framepool.com/shotimg/qf/323987668-micrurus-tener-loutre-feuilles-mortes-sol-forestier.jpg
000050.jpg,http://www.reptilefact.com/wp-content/uploads/2016/08/Coral-Snakes-in-Texas.jpg
000051.jpg,https://sema.gob.mx/SIIAEC/BIODIVERSIDAD/DIST_POTENCIAL/REPTILES/CULEBRAS_VIVORAS_Y_SERPIENTES/MAPAS/micrurus_tener.jpg
000052.jpg,https://static.inaturalist.org/photos/4363417/large.jpg
000053.jpg,https://static.inaturalist.org/photos/4363419/large.jpg
000054.jpg,http://footage.framepool.com/shotimg/qf/389218230-micrurus-tener-loutre-feuilles-mortes-sol-forestier.jpg
000055.jpg,https://i0.wp.com/bugsinthenews.info/wp-content/uploads/2010/05/043010-Sand-Runner-Solifugae-Jenny-Edinburgh-TX-043010.jpg
000056.jpg,http://www.faunaparaguay.com/images/Micrurus corallinus alberto 1.jpg
000057.jpg,https://i1.wp.com/bugsinthenews.info/wp-content/uploads/2012/04/HEAD-AND-NEK-MARKINGS-ARIZONA-CORAL-SNAKE-GARY-NAFIS.jpg
000058.jpg,https://pbs.twimg.com/media/DqE4_huXgAA4LP3.jpg
000059.jpg,http://www.phillipsnaturalworld.com/_/rsrc/1462084720933/home/coral-snake/Coral%20Snake%20Micrurus%20fulvius%20Florida%20August%202014%20Copyright%20Phillip%20Lott%20Phillips%20Natural%20World%20b.jpg
000060.jpg,https://i2.wp.com/bugsinthenews.info/wp-content/uploads/2012/04/MID-BODY-MARKINGS-ARIZONA-CORAL-SNAKE-GARY-NAFIS.jpg
000061.jpg,http://animal.memozee.com/ArchOLD-4/1124248685.jpg
000062.jpg,https://tpwd.texas.gov/education/resources/texas-junior-naturalists/images/copy_of_coral.jpg
000063.jpg,https://pbs.twimg.com/media/DqIvOQhWkAAcwx3.jpg
000064.jpg,http://canebrake13.com/media/img/copperhead.jpg
000065.jpg,http://animal.memozee.com/ArchOLD-4/1124248719-m.jpg
000066.jpg,https://i.ytimg.com/vi/K5n8cm77qgM/maxresdefault.jpg
000067.jpg,http://footage.framepool.com/shotimg/qf/605133751-loutre-feuilles-mortes-sol-forestier-ramper.jpg
000068.jpg,https://i.ytimg.com/vi/i2U6VXuSTRU/maxresdefault.jpg
000069.jpg,https://static.inaturalist.org/photos/57767600/large.jpg
000070.jpg,https://resources.stuff.co.nz/content/dam/images/1/w/6/h/g/b/image.related.StuffLandscapeSixteenByNine.1420x800.1w6hfi.png/1564035875571.jpg
000071.jpg,http://bugsinthenews.info/wp-content/uploads/2012/04/HEAD-AND-NEK-MARKINGS-ARIZONA-CORAL-SNAKE-GARY-NAFIS.jpg
000072.jpg,https://m.media-amazon.com/images/M/MV5BOWYyOWM2MjUtNTE3ZC00MzRkLWE3YWQtNDZlZmY0MTRmYTZiXkEyXkFqcGdeQXVyMjI4NzUyNjA@._V1_UY1200_CR84,0,630,1200_AL_.jpg
000073.jpg,https://i.stack.imgur.com/0H0ZO.jpg
000074.jpg,http://2.bp.blogspot.com/-k9L5qRF4Zv0/VLxV6wSVjgI/AAAAAAAAFmo/TxNNNlA0StQ/s1600/Mimetismo-corais.jpg
000075.jpg,https://i.ytimg.com/vi/8hGJmZIg2AI/maxresdefault.jpg
000076.jpg,https://i.ytimg.com/vi/cxkBZ3LhOjQ/maxresdefault.jpg
000077.jpg,https://i.thehoroscope.co/wp-content/uploads/2018/09/Earth-Snake.jpg
000078.jpg,https://i.ytimg.com/vi/P_VevgGiUmU/maxresdefault.jpg
000079.jpg,https://dfzljdn9uc3pi.cloudfront.net/2018/4924/1/fig-4-2x.jpg
000080.jpg,http://www.informaticavalse.com/wp-content/gallery/photo-gallery/micrurus/6.jpg
000081.jpg,https://blobstorage.azureedge.net/wbimages/Products/125929/LargeImage/3.jpg
000082.jpg,https://i.ytimg.com/vi/-JTkTKomUg0/maxresdefault.jpg
000083.jpg,https://www.asiaone.com/sites/default/files/original_images/Jul2019/mancontactlens_123rd.jpg
000084.jpg,https://i.ytimg.com/vi/7dzbRpKoUzI/maxresdefault.jpg
000085.jpg,https://static01.nyt.com/images/2019/03/05/us/05xp-lottery1/05xp-lottery1-facebookJumbo.jpg
000086.jpg,https://i.ytimg.com/vi/gHHlaP2E3sI/maxresdefault.jpg
000087.jpg,https://2.bp.blogspot.com/_5DLPaUqdg2g/TA7VeNIhDkI/AAAAAAAAABk/l-lMRVIi0E8/s1600/mitosis.jpg
000088.jpg,https://upload.wikimedia.org/wikipedia/commons/8/82/Tachypleus_tridentatus.jpg
000089.jpg,http://xahlee.info/kbd/i3/nyquist_keyboard_da3bd.jpg
000090.jpg,https://i.ytimg.com/vi/AVaITA7eBZE/maxresdefault.jpg
000091.jpg,https://i.ytimg.com/vi/QPD4aoIhRLQ/maxresdefault.jpg
000092.jpg,https://images.earthtouchnews.com/media/1426423/Elasmotherium_rhino_2015_09_22.jpg
000093.jpg,https://kingtherapykc.com/wp-content/uploads/2016/05/BackgroundWithCrown2.jpg
000094.jpg,https://i.ytimg.com/vi/kvMJftDIEuw/maxresdefault.jpg
000095.jpg,https://i.ytimg.com/vi/l6LMCtO6KtI/maxresdefault.jpg
000096.jpg,https://media3.s-nbcnews.com/j/newscms/2019_22/2877341/190530-trish-regan-liu-xin-mn-1111_cd214226d0d84babc0616ec3ce342695.nbcnews-fp-1200-630.jpg
000097.jpg,https://farm5.staticflickr.com/4119/4735960070_ede435e216_b.jpg
000098.jpg,https://medias.audiofanzine.com/images/normal/presonus-studiolive-32-1553361.jpg
000099.jpg,https://static01.nyt.com/images/2020/01/26/world/26china-virus/25china-virus-videoSixteenByNineJumbo1600.jpg
000100.jpg,https://3.bp.blogspot.com/-x0ljngacc0o/WKwEkAdc8kI/AAAAAAAAE6w/Du1BfRvzEdET7FmLNZWA31NHFTwhVeULgCLcB/s1600/Mission%2BPossible%2BCoverV2.jpg
000101.jpg,https://farm4.staticflickr.com/3489/3916847839_89088131f1_o.jpg
000102.jpg,https://i.ytimg.com/vi/DTK4eRzcRyI/maxresdefault.jpg
000103.jpg,https://fluffanddrygroomingsalon.files.wordpress.com/2017/01/11941223_1009396382446205_5569898072673770803_n.jpg
000104.jpg,https://cms.qz.com/wp-content/uploads/2015/11/taj.jpg
000105.jpg,https://i.ytimg.com/vi/1GIVcZxp1mc/maxresdefault.jpg
000106.jpg,https://farm4.staticflickr.com/3665/13123066664_4ba8a3aa9e_b.jpg
000107.jpg,https://i.ytimg.com/vi/w9EmYb2U29o/maxresdefault.jpg
000108.jpg,https://www.geckocovers.com/files/s38t1c1-8.jpg
000109.jpg,https://statics.sportskeeda.com/wp-content/uploads/2011/12/211210satish-1024x767.jpg
000110.jpg,https://images.news18.com/ibnlive/uploads/2019/04/nokia-x711.jpg
000111.jpg,https://img.aws.livestrongcdn.com/ls-1200x630/ds-photo/getty/article/108/154/560787803.jpg
000112.jpg,https://www.fbi.gov/image-repository/vicap-samuel-little-victim-black-female-pascagoula-mississippi-1977.jpg
000113.jpg,https://i.ytimg.com/vi/tMasXraZJU4/maxresdefault.jpg
000114.jpg,https://www.newshub.co.nz/home/world/2018/01/florida-man-20-wins-us-451m-in-mega-millions/_jcr_content/par/image.dynimg.1280.q75.jpg
000115.jpg,https://3c1703fe8d.site.internapcdn.net/newman/gfx/news/2015/chikungunya.jpg
000116.jpg,https://lastangaras.files.wordpress.com/2015/06/dscn8531.jpg
000117.jpg,https://www.thestatesman.com/wp-content/uploads/2019/04/Asaduddin-Owaisi.jpg
000118.jpg,https://steamcdn-a.akamaihd.net/steamcommunity/public/images/clans/10915315/b2479b9f63fda3fd0996939dd0bd6c8254a1a746.jpg
000119.jpg,https://bpr.berkeley.edu/wp-content/uploads/2018/11/crispr-image.jpg
000120.jpg,https://www.bloomberg.com/features/2016-stuart-bray-south-china-tigers/img/feat_tigers09__NEW-lede.jpg
000121.jpg,https://farm8.staticflickr.com/7443/10533539745_2a7de8a4a1_b.jpg
000122.jpg,https://res.cloudinary.com/teepublic/image/private/s--jFYxVP5W--/t_Preview/b_rgb:c62b29,c_lpad,f_jpg,h_630,q_90,w_1200/v1459883540/production/designs/469629_1.jpg
000123.jpg,http://www.karaokechamps.com/wp-content/uploads/2017/01/Best-Karaoke-Mixer.jpg
000124.jpg,https://live.staticflickr.com/65535/49025095683_f0e8e79dbf_o.jpg
000125.jpg,https://live.staticflickr.com/65535/48924148373_cc413d241f_k.jpg
000126.jpg,https://live.staticflickr.com/65535/48140859491_9a8b093507_o.jpg
000127.jpg,https://live.staticflickr.com/7816/32599765907_9d00dd5843_h.jpg
000128.jpg,https://live.staticflickr.com/7820/46599360004_ca82cfeb1b_k.jpg
000129.jpg,https://live.staticflickr.com/65535/49024723847_7d48f6e9a5_o.jpg
000130.jpg,https://live.staticflickr.com/7866/47322456711_ebb7e30430_k.jpg
000131.jpg,https://live.staticflickr.com/65535/48160445112_45cd062c01_k.jpg
000132.jpg,https://live.staticflickr.com/1955/45259507351_05a63da7d3_o.jpg
000133.jpg,https://live.staticflickr.com/1962/44652827184_bbd4aa1cc1_o.jpg
000134.jpg,https://live.staticflickr.com/1931/31385329788_6a04e82fae_o.jpg
000135.jpg,https://live.staticflickr.com/1768/29582149648_2a53c54a4f_b.jpg
000136.jpg,https://live.staticflickr.com/971/28068200758_1b9ca4fea3_o.jpg
000137.jpg,https://live.staticflickr.com/956/28068199488_7eb06b9c25_o.jpg
000138.jpg,https://live.staticflickr.com/908/28068200268_acfd562778_o.jpg
000139.jpg,https://live.staticflickr.com/899/27614037868_ab32d0db95_o.jpg
000140.jpg,https://live.staticflickr.com/1946/45392124281_da66f7bc9c_o.jpg
000141.jpg,https://live.staticflickr.com/891/27567447198_63762994d2_k.jpg
000142.jpg,https://live.staticflickr.com/897/27614035648_24989fd559_o.jpg
000143.jpg,https://live.staticflickr.com/901/40554948044_dc1810c7b1_k.jpg
000144.jpg,https://live.staticflickr.com/792/27395624388_38552744f7_k.jpg
000145.jpg,https://live.staticflickr.com/802/41416871531_3aec0944a3_o.jpg
000146.jpg,https://live.staticflickr.com/804/40554501964_29ac1f2ce1_k.jpg
000147.jpg,https://live.staticflickr.com/795/39242350080_318766b395_k.jpg
000148.jpg,https://live.staticflickr.com/810/40122743745_8b96500f86_o.jpg
000149.jpg,https://live.staticflickr.com/816/40251773144_43af175d97_o.jpg
000150.jpg,https://live.staticflickr.com/4767/39415367175_2b7270f7c6_k.jpg
000151.jpg,https://live.staticflickr.com/4659/25441782477_dd85d12225_k.jpg
000152.jpg,https://live.staticflickr.com/1907/31193473518_deb0c4dd81_o.jpg
000153.jpg,https://live.staticflickr.com/4764/39134265375_0a64f210ec_o.jpg
000154.jpg,https://live.staticflickr.com/4653/28253269619_48f9db0b4e_o.jpg
000155.jpg,https://live.staticflickr.com/4790/39801754405_3044228725_o.jpg
000156.jpg,https://live.staticflickr.com/4647/27460554739_8c46ff4f74_k.jpg
000157.jpg,https://live.staticflickr.com/4637/25568604048_3fb093c4be_o.jpg
000158.jpg,https://live.staticflickr.com/4374/36573219376_19a383b11b_o.jpg
000159.jpg,https://live.staticflickr.com/4211/35387519072_cac7104ed0_o.jpg
000160.jpg,https://live.staticflickr.com/4196/34999433895_6996d01292_o.jpg
000161.jpg,https://live.staticflickr.com/866/41529987212_e2ce9afc2d_k.jpg
000162.jpg,https://live.staticflickr.com/4248/34822107522_3f5c2f0e43_o.jpg
000163.jpg,https://live.staticflickr.com/4222/34438830630_6bddedb683_o.jpg
000164.jpg,https://live.staticflickr.com/4180/34345079231_e2717f17f9_o.jpg
000165.jpg,https://live.staticflickr.com/2933/33675839440_eb350a75b8_b.jpg
000166.jpg,https://live.staticflickr.com/4268/34485392130_256e95b575_o.jpg
000167.jpg,https://live.staticflickr.com/3847/33496799150_4d5ab6bebb_o.jpg
000168.jpg,https://live.staticflickr.com/4196/34974698875_49d8961dfc_o.jpg
000169.jpg,https://live.staticflickr.com/2915/33198962530_abd8dae3c0_o.jpg
000170.jpg,https://live.staticflickr.com/8428/29892812466_a4b23c23ec_k.jpg
000171.jpg,https://live.staticflickr.com/8062/29892811516_cc2aa119fd_k.jpg
000172.jpg,https://live.staticflickr.com/3929/33190325800_9ebabc988e_o.jpg
000173.jpg,https://live.staticflickr.com/1485/26689607661_2c5b686427_h.jpg
000174.jpg,https://live.staticflickr.com/7453/28029677902_d178825fa6_o.jpg
000175.jpg,https://live.staticflickr.com/2826/33482856785_bdf165a7a2_o.jpg
000176.jpg,https://live.staticflickr.com/1605/26483505550_4ad90bffb7_h.jpg
000177.jpg,https://live.staticflickr.com/1664/26665010865_6623ccc6e4_h.jpg
000178.jpg,https://live.staticflickr.com/1565/26599290641_c802f1f1da_h.jpg
000179.jpg,https://live.staticflickr.com/1505/26410200556_c423049a99_o.jpg
000180.jpg,https://live.staticflickr.com/1548/25842488603_4ceb9195f3_o.jpg
000181.jpg,https://live.staticflickr.com/1603/24328734281_dc7b60bf18_k.jpg
000182.jpg,https://live.staticflickr.com/1703/25618213833_deb03a2e99_o.jpg
000183.jpg,https://live.staticflickr.com/1661/26194951156_e2a61db393_o.jpg
000184.jpg,https://live.staticflickr.com/1482/24384986846_2e14211eaf_k.jpg
000185.jpg,https://live.staticflickr.com/656/22237582714_6052bfefa6_k.jpg
000186.jpg,https://live.staticflickr.com/633/23291157475_08892f82f5_k.jpg
000187.jpg,https://live.staticflickr.com/5833/22085474792_1c93319285_o.jpg
000188.jpg,https://live.staticflickr.com/752/22692110836_a71c8039eb_o.jpg
000189.jpg,https://live.staticflickr.com/5665/21475185704_d0a4b1514a_o.jpg
000190.jpg,https://live.staticflickr.com/5530/18629978910_c1d5bc416c_o.jpg
000191.jpg,https://live.staticflickr.com/5459/17192797116_59cea7b598_o.jpg
000192.jpg,https://live.staticflickr.com/7568/16156825257_557cf59647_o.jpg
000193.jpg,https://live.staticflickr.com/8678/16071891990_dc08027ae8_k.jpg
000194.jpg,https://live.staticflickr.com/8674/15636818864_5fc4077355_k.jpg
000195.jpg,https://live.staticflickr.com/7521/16233308736_6291e04e21_k.jpg
000196.jpg,https://live.staticflickr.com/8575/16358883639_74734bbd0b_o.jpg
000197.jpg,https://live.staticflickr.com/8646/16073363557_019982a648_k.jpg
000198.jpg,https://live.staticflickr.com/7468/15636803054_15b0b46596_k.jpg
000199.jpg,https://live.staticflickr.com/7568/16257366021_e06e69f398_k.jpg
000200.jpg,https://live.staticflickr.com/8657/16071832470_9c26112c21_k.jpg
000201.jpg,https://live.staticflickr.com/8671/15639288373_4780cbf1c1_k.jpg
000202.jpg,https://live.staticflickr.com/8668/16073333697_aa4bd38d47_k.jpg
000203.jpg,https://live.staticflickr.com/7496/15639285013_6fde2ab324_k.jpg
000204.jpg,https://live.staticflickr.com/7575/16257354201_41c6c5852c_k.jpg
000205.jpg,https://live.staticflickr.com/7504/16257327861_0c0ca02c36_k.jpg
000206.jpg,https://live.staticflickr.com/8673/15639267653_818d96a19c_k.jpg
000207.jpg,https://live.staticflickr.com/8562/16257323221_d0f609375c_k.jpg
000208.jpg,https://live.staticflickr.com/7565/16257317601_06c2e37196_k.jpg
000209.jpg,https://live.staticflickr.com/8602/16073282927_4b46518c1f_k.jpg
000210.jpg,https://live.staticflickr.com/8626/16259124465_0a29a6a057_k.jpg
000211.jpg,https://live.staticflickr.com/7524/16073271667_66a0ad2d31_k.jpg
000212.jpg,https://live.staticflickr.com/7491/16072976309_5b4f0f886e_k.jpg
000213.jpg,https://live.staticflickr.com/7577/16258281022_fd083bee46_k.jpg
000214.jpg,https://live.staticflickr.com/7574/16072958389_b467e8ce47_k.jpg
000215.jpg,https://live.staticflickr.com/8683/16258272302_b97a95ea7e_k.jpg
000216.jpg,https://live.staticflickr.com/7489/16233180476_030c3fe165_k.jpg
000217.jpg,https://live.staticflickr.com/7575/16258260922_1b5ee55834_k.jpg
000218.jpg,https://live.staticflickr.com/5602/15469043016_90f078e2e6_o.jpg
000219.jpg,https://live.staticflickr.com/2947/15491873382_556e73fb6c_o.jpg
000220.jpg,https://live.staticflickr.com/5491/14257628628_e8cc53c0bb_k.jpg
000221.jpg,https://live.staticflickr.com/3889/14229540897_ef405ae34d_o.jpg
000222.jpg,https://live.staticflickr.com/2900/13963415335_ec301a84e0_o.jpg
000223.jpg,https://live.staticflickr.com/7395/12355663504_8727d81a65_o.jpg
000224.jpg,https://live.staticflickr.com/7356/27337765860_15f08793bd_o.jpg
000225.jpg,https://live.staticflickr.com/3720/12919137913_3867cc4f47_o.jpg
000226.jpg,https://live.staticflickr.com/5232/7377091338_6e485ea5d9_o.jpg
000227.jpg,https://live.staticflickr.com/8018/7104025679_d414099d24_c.jpg
000228.jpg,https://live.staticflickr.com/8165/7104024345_4b2098dd52_c.jpg
000229.jpg,https://live.staticflickr.com/7018/6711707123_52cbe48fb3_o.jpg
000230.jpg,https://live.staticflickr.com/6225/6232644278_fdb4e682d5_o.jpg
000231.jpg,https://live.staticflickr.com/8679/15639180063_fe63fe1525_k.jpg
000232.jpg,https://live.staticflickr.com/8628/16257243281_baac5acb69_k.jpg
000233.jpg,https://live.staticflickr.com/7531/16073219577_d6e2499a9e_k.jpg
000234.jpg,https://live.staticflickr.com/8595/16073211177_ea023c1f58_k.jpg
000235.jpg,https://live.staticflickr.com/7213/6979155610_eb5da00324_o.jpg
000236.jpg,https://live.staticflickr.com/5605/15379632567_fec2a6aa02_c.jpg
000237.jpg,https://live.staticflickr.com/8675/16071521828_0bce2728ec_k.jpg
000238.jpg,https://live.staticflickr.com/5556/14812563849_9c8527924a_o.jpg
000239.jpg,https://live.staticflickr.com/3901/14999257635_05b8b29b09_o.jpg
000240.jpg,https://live.staticflickr.com/3855/14812556229_72a6887a40_o.jpg
000241.jpg,https://live.staticflickr.com/3901/14442892122_61766ccd82_k.jpg
000242.jpg,https://live.staticflickr.com/2905/14260480363_dd33dcbef0_k.jpg
000243.jpg,https://live.staticflickr.com/2911/14354566493_0e329f36b6_o.jpg
000244.jpg,https://live.staticflickr.com/3847/14414711692_6d1d3332cb_o.jpg
000245.jpg,https://live.staticflickr.com/5200/14053651839_2c918a0037_k.jpg
000246.jpg,https://live.staticflickr.com/5279/14039768888_dacb94f891_k.jpg
000247.jpg,https://live.staticflickr.com/2928/14189626906_4032d064d7_b.jpg
000248.jpg,https://live.staticflickr.com/5575/14138215872_a576da0867_k.jpg
000249.jpg,https://live.staticflickr.com/7422/14161202633_0a5dc661ee_k.jpg
000250.jpg,https://live.staticflickr.com/5444/14141139715_ebc19e1726_k.jpg
000251.jpg,https://live.staticflickr.com/7450/13935581030_86d0737fdc_k.jpg
000252.jpg,https://live.staticflickr.com/2939/14070909792_4be38f9081_o.jpg
000253.jpg,https://live.staticflickr.com/5227/14037213113_2218eb4237_k.jpg
000254.jpg,https://live.staticflickr.com/7501/15900387516_abe3a005a4_o.jpg
000255.jpg,https://live.staticflickr.com/7209/14094120943_54fc0c2c8d_o.jpg
000256.jpg,https://live.staticflickr.com/2933/14017212865_3873fb50c5_k.jpg
000257.jpg,https://live.staticflickr.com/7172/14014019211_8b10390765_k.jpg
000258.jpg,https://live.staticflickr.com/7429/14017211625_0dd67a8979_k.jpg
000259.jpg,https://live.staticflickr.com/5269/14037210463_f1759d0097_k.jpg
000260.jpg,https://live.staticflickr.com/2927/14037209593_cdf3ff3ae4_k.jpg
000261.jpg,https://live.staticflickr.com/7064/13635627695_9127644632_k.jpg
000262.jpg,https://live.staticflickr.com/7425/14074538494_265f82c2f9_o.jpg
000263.jpg,https://live.staticflickr.com/7063/13635575373_adfeb92214_k.jpg
000264.jpg,https://live.staticflickr.com/7169/13635897144_623e33571c_k.jpg
000265.jpg,https://live.staticflickr.com/7202/13593109195_b1e22594fc_k.jpg
000266.jpg,https://live.staticflickr.com/3769/13593136573_695350c36a_k.jpg
000267.jpg,https://live.staticflickr.com/3729/13456298384_8e0da916ec_k.jpg
000268.jpg,https://live.staticflickr.com/3737/13456294174_d15c1299e9_k.jpg
000269.jpg,https://live.staticflickr.com/3685/10789911355_ddd364aee3_o.jpg
000270.jpg,https://live.staticflickr.com/2815/9314239199_9d3d2b332f_o.jpg
000271.jpg,https://live.staticflickr.com/2883/9565089395_6975e82c4a_k.jpg
000272.jpg,https://live.staticflickr.com/5343/8979683502_a30c14299b_b.jpg
000273.jpg,https://live.staticflickr.com/2815/8868111943_9ab2625663_k.jpg
000274.jpg,https://live.staticflickr.com/7436/8868106999_8a1def0708_k.jpg
000275.jpg,https://live.staticflickr.com/7449/8868716238_d16f160940_k.jpg
000276.jpg,https://live.staticflickr.com/3779/8830249588_b9d7244cbe_k.jpg
000277.jpg,https://live.staticflickr.com/8536/8830291222_dff75fdd16_k.jpg
000278.jpg,https://live.staticflickr.com/8272/8704527693_cbe3cb9257_k.jpg
000279.jpg,https://live.staticflickr.com/8560/8704525455_d9cdcd98b3_k.jpg
000280.jpg,https://live.staticflickr.com/8261/8704528943_49600926f6_k.jpg
000281.jpg,https://live.staticflickr.com/8271/8705648990_70b5754f95_k.jpg
000282.jpg,https://live.staticflickr.com/8269/8703987405_cb3ff514dc_k.jpg
000283.jpg,https://live.staticflickr.com/8556/8701111947_f483f9b105_k.jpg
000284.jpg,https://live.staticflickr.com/8239/8614444759_0d47ae995d_k.jpg
000285.jpg,https://live.staticflickr.com/8331/8109798698_5b3bcf2a86_k.jpg
000286.jpg,https://live.staticflickr.com/8066/8177569059_d2e7d242ed_o.jpg
000287.jpg,https://live.staticflickr.com/8266/8696018251_930c87c573_o.jpg
000288.jpg,https://live.staticflickr.com/8044/8109766359_cd880c0fe3_k.jpg
000289.jpg,https://live.staticflickr.com/8303/7921370772_fd69bd8eb6_k.jpg
000290.jpg,https://live.staticflickr.com/8299/7817861318_e55f2c9ee9_b.jpg
000291.jpg,https://live.staticflickr.com/8445/7988430062_5ba7119e1a_k.jpg
000292.jpg,https://live.staticflickr.com/8297/7921364824_28182adc52_k.jpg
000293.jpg,https://live.staticflickr.com/7106/7752763820_06c5af9f9f_k.jpg
000294.jpg,https://live.staticflickr.com/8295/7752757466_1a7f93a830_k.jpg
000295.jpg,https://live.staticflickr.com/7135/7429411518_bbfae74412_k.jpg
000296.jpg,https://live.staticflickr.com/7086/7377088708_95b5b95342_o.jpg
000297.jpg,https://live.staticflickr.com/8288/7563443218_95a9d23dce_o.jpg
000298.jpg,https://live.staticflickr.com/7095/7377083528_8f51a0a646_o.jpg
000299.jpg,https://live.staticflickr.com/8021/7377081630_dc8e8311c5_o.jpg
000300.jpg,https://live.staticflickr.com/7234/7377086416_0bd044e36c_o.jpg
000301.jpg,https://live.staticflickr.com/5160/7377080352_17200cfe91_o.jpg
000302.jpg,https://live.staticflickr.com/7213/7377079108_a779f43fff_o.jpg
000303.jpg,https://live.staticflickr.com/7075/7377066506_32972f6826_o.jpg
000304.jpg,https://live.staticflickr.com/8003/7188421567_df783c4e90_o.jpg
000305.jpg,https://live.staticflickr.com/7053/7126061475_e25117000d_o.jpg
000306.jpg,https://live.staticflickr.com/7131/7126434835_b871ede622_o.jpg
000307.jpg,https://live.staticflickr.com/8151/6957956034_959c3cd337_c.jpg
000308.jpg,https://live.staticflickr.com/7075/6925316126_4954a9bbb6_o.jpg
000309.jpg,https://live.staticflickr.com/7212/6913372678_26d0c4f441_k.jpg
000310.jpg,https://live.staticflickr.com/7242/7059451117_6094663d2c_k.jpg
000311.jpg,https://live.staticflickr.com/7081/7125073619_64ca5e3f93_o.jpg
000312.jpg,https://live.staticflickr.com/7199/7059442883_e16be47e90_k.jpg
000313.jpg,https://live.staticflickr.com/7166/6711707813_bdb0fa3e41_o.jpg
000314.jpg,https://live.staticflickr.com/7001/6490961123_395a1ebb1f_o.jpg
000315.jpg,https://live.staticflickr.com/6116/6215544236_683763c133_o.jpg
000316.jpg,https://live.staticflickr.com/4079/4824298753_0df68189f0_o.jpg
000317.jpg,https://live.staticflickr.com/2651/3992603587_49d78539ce_o.jpg
000318.jpg,https://live.staticflickr.com/2562/3808908417_43d1036622_o.jpg
000319.jpg,https://live.staticflickr.com/3531/3844532548_d2f4314265_z.jpg
000320.jpg,https://live.staticflickr.com/3615/3353823901_f5e7f93294_o.jpg
000321.jpg,https://live.staticflickr.com/5108/5593496571_c5ab6a5e52_o.jpg
000322.jpg,https://live.staticflickr.com/5137/5580836252_8b672030c3_b.jpg
000323.jpg,https://live.staticflickr.com/5134/5460492600_80367caa3f_o.jpg
000324.jpg,https://live.staticflickr.com/5057/5537138225_0b69f2772b_o.jpg
000325.jpg,https://live.staticflickr.com/5051/5456539523_169a625ca6_o.jpg
000326.jpg,https://live.staticflickr.com/5212/5385561744_922619eb38_o.jpg
000327.jpg,https://live.staticflickr.com/4062/4668485944_e41f25693e_b.jpg
000328.jpg,https://live.staticflickr.com/4005/4345180906_9bf6ce4928_o.jpg
000329.jpg,https://live.staticflickr.com/4024/4345180398_5d609b510d_o.jpg
000330.jpg,https://live.staticflickr.com/4060/4342550910_f2a5ce38b5_o.jpg
000331.jpg,https://live.staticflickr.com/4024/4313073476_cfba5e5b85_o.jpg
000332.jpg,https://live.staticflickr.com/2437/3540223911_c828f76fb2_k.jpg
000333.jpg,https://live.staticflickr.com/3607/3564185442_4531b09249_o.jpg
000334.jpg,https://live.staticflickr.com/3273/2786137788_8c7c877d21_k.jpg
000335.jpg,https://live.staticflickr.com/3220/2692343199_592c9be1c8_o.jpg
000336.jpg,https://live.staticflickr.com/3242/2693154650_14df868782_o.jpg
000337.jpg,https://live.staticflickr.com/2207/2404682120_316736406d_o.jpg
000338.jpg,https://live.staticflickr.com/2280/2426284392_89fd179bc4_o.jpg
000339.jpg,https://live.staticflickr.com/2085/2327097031_7e01d5f6b8_h.jpg
000340.jpg,https://live.staticflickr.com/1094/758957034_073c02a83f_k.jpg
000341.jpg,https://live.staticflickr.com/173/476580434_3f66c7c26a_h.jpg
000342.jpg,https://live.staticflickr.com/7235/6980351220_e9ca7c4dd2_o.jpg
000343.jpg,https://live.staticflickr.com/5346/7071399829_2589c1e5b7_o.jpg
